2025-07-23 02:07:36 | ERROR | 시스템 초기화 실패: 설정 검증 실패
2025-07-23 02:09:56 | ERROR | 캔들 데이터 처리 오류: BTC-USDT-SWAP: Python int too large to convert to C long
2025-07-23 02:09:56 | ERROR | ❌ BTC-USDT-SWAP 캔들 데이터 로딩 실패
2025-07-23 02:09:57 | ERROR | 초기 데이터 로딩 실패
2025-07-23 02:09:57 | ERROR | 시스템 초기화 실패: 초기 데이터를 로드할 수 없습니다
2025-07-23 02:11:28 | ERROR | 시스템 초기화 실패: 설정 검증 실패
2025-07-23 02:11:39 | ERROR | 캔들 데이터 처리 오류: BTC-USDT-SWAP: Python int too large to convert to C long
2025-07-23 02:11:39 | ERROR | ❌ BTC-USDT-SWAP 캔들 데이터 로딩 실패
2025-07-23 02:11:40 | ERROR | 초기 데이터 로딩 실패
2025-07-23 02:11:40 | ERROR | 시스템 초기화 실패: 초기 데이터를 로드할 수 없습니다
2025-07-23 22:28:01 | ERROR | EMA 계산 불가 - 데이터 부족: trend_fast (필요: 150, 보유: 50)
2025-07-23 22:28:02 | ERROR | ❌ Private WebSocket 오류: 60024 - Wrong passphrase
2025-07-23 22:28:02 | ERROR | ❌ Public WebSocket 오류: 60018 - Wrong URL or channel:candle30m,instId:BTC-USDT-SWAP doesn't exist. Please use the correct URL, channel and parameters referring to API document.
2025-07-23 22:40:26 | ERROR | EMA 계산 후 데이터가 충분하지 않음
2025-07-23 22:49:00 | ERROR | EMA 계산 후 데이터가 충분하지 않음
2025-07-23 22:52:53 | ERROR | EMA 계산 후 데이터가 충분하지 않음
2025-07-23 23:03:34 | ERROR | EMA 계산 후 데이터가 충분하지 않음
2025-07-23 23:06:33 | ERROR | EMA 계산 후 데이터가 충분하지 않음
2025-07-23 23:08:04 | ERROR | EMA 계산 후 데이터가 충분하지 않음
2025-07-23 23:28:50 | ERROR | EMA 계산 후 데이터가 충분하지 않음
2025-07-24 17:56:33 | ERROR | EMA 계산 후 데이터가 충분하지 않음
2025-07-24 18:25:46 | ERROR | EMA 계산 후 데이터가 충분하지 않음
2025-07-24 18:38:57 | ERROR | USDT 잔고 부족 - 거래에 필요한 최소 잔고가 부족합니다
2025-07-24 18:38:57 | ERROR | 시스템 초기화 실패: 초기 API 연결 실패 - API 키를 확인하세요
2025-07-24 18:42:50 | ERROR | 시스템 초기화 실패: 설정 검증 실패
2025-07-24 18:43:21 | ERROR | USDT 잔고 부족 - 거래에 필요한 최소 잔고가 부족합니다
2025-07-24 18:43:21 | ERROR | 시스템 초기화 실패: 초기 API 연결 실패 - API 키를 확인하세요
2025-07-24 21:31:52 | ERROR | 시스템 초기화 실패: can't multiply sequence by non-int of type 'float'
2025-07-24 21:32:33 | ERROR | 시스템 초기화 실패: can't multiply sequence by non-int of type 'float'
